<?xml version="1.0" encoding="UTF-8"?>
<!-- Generated by org.testng.reporters.JUnitReportReporter -->
<testsuite skipped="0" hostname="BLT76" name="demo.Tests3" tests="3" failures="0" timestamp="18 Feb 2020 05:01:15 GMT" time="34.457" errors="0">
  <testcase name="Testcase2" time="7.259" classname="demo.Tests3"/>
  <testcase name="Testcase3" time="15.683" classname="demo.Tests3"/>
  <testcase name="Testcase1" time="11.515" classname="demo.Tests3"/>
</testsuite> <!-- demo.Tests3 -->
