<?xml version="1.0" encoding="UTF-8"?>
<!-- Generated by org.testng.reporters.JUnitReportReporter -->
<testsuite skipped="0" hostname="BLT76" name="testNgDemo.Democases" tests="3" failures="0" timestamp="18 Feb 2020 06:49:49 GMT" time="40.796" errors="0">
  <testcase name="Testcase2" time="5.796" classname="testNgDemo.Democases"/>
  <testcase name="Testcase1" time="10.978" classname="testNgDemo.Democases"/>
  <testcase name="Testcase3" time="24.022" classname="testNgDemo.Democases"/>
</testsuite> <!-- testNgDemo.Democases -->
