<?xml version="1.0" encoding="UTF-8"?>
<!-- Generated by org.testng.reporters.JUnitReportReporter -->
<testsuite skipped="0" hostname="BLT76" name="demo.ParallelExecution" tests="3" failures="0" timestamp="17 Feb 2020 11:07:48 GMT" time="0.017" errors="0">
  <testcase name="testCase3" time="0.000" classname="demo.ParallelExecution"/>
  <testcase name="testCase1" time="0.017" classname="demo.ParallelExecution"/>
  <testcase name="testCase2" time="0.000" classname="demo.ParallelExecution"/>
</testsuite> <!-- demo.ParallelExecution -->
