<?xml version="1.0" encoding="UTF-8"?>
<!-- Generated by org.testng.reporters.JUnitReportReporter -->
<testsuite skipped="0" hostname="BLT76" name="demo.PriorityTestCase" tests="3" failures="0" timestamp="17 Feb 2020 11:51:31 GMT" time="0.048" errors="0">
  <testcase name="testCase" time="0.016" classname="demo.PriorityTestCase"/>
  <testcase name="testCase1" time="0.000" classname="demo.PriorityTestCase"/>
  <testcase name="testCase2" time="0.032" classname="demo.PriorityTestCase"/>
</testsuite> <!-- demo.PriorityTestCase -->
