<?xml version="1.0" encoding="UTF-8"?>
<!-- Generated by org.testng.reporters.JUnitReportReporter -->
<testsuite skipped="0" hostname="BLT76" name="demo.ParallelExecution1" tests="3" failures="0" timestamp="17 Feb 2020 11:07:48 GMT" time="0.016" errors="0">
  <testcase name="testCase4" time="0.016" classname="demo.ParallelExecution1"/>
  <testcase name="testCase6" time="0.000" classname="demo.ParallelExecution1"/>
  <testcase name="testCase5" time="0.000" classname="demo.ParallelExecution1"/>
</testsuite> <!-- demo.ParallelExecution1 -->
