<?xml version="1.0" encoding="UTF-8"?>
<!-- Generated by org.testng.reporters.JUnitReportReporter -->
<testsuite skipped="0" hostname="BLT76" name="testNgDemo.SampleTestCase" tests="3" failures="0" timestamp="18 Feb 2020 04:36:00 GMT" time="0.016" errors="0">
  <testcase name="testCase2" time="0.000" classname="testNgDemo.SampleTestCase"/>
  <testcase name="testCase3" time="0.000" classname="testNgDemo.SampleTestCase"/>
  <testcase name="testCase1" time="0.016" classname="testNgDemo.SampleTestCase"/>
</testsuite> <!-- testNgDemo.SampleTestCase -->
